<?xml version="1.0" encoding="UTF-8"?>
<!-- Generated by org.testng.reporters.JUnitReportReporter -->
<testsuite skipped="0" hostname="Admin-PC" name="frameworkdesigney.testcases.loginTestCRM" tests="1" failures="0" timestamp="2022-06-01T20:42:58 IST" time="6.455" errors="0">
  <testcase name="loginApp" time="6.455" classname="frameworkdesigney.testcases.loginTestCRM"/>
  <system-out/>
</testsuite> <!-- frameworkdesigney.testcases.loginTestCRM -->
